<?xml version="1.0" encoding="UTF-8"?>
<!-- Generated by org.testng.reporters.JUnitReportReporter -->
<testsuite skipped="0" hostname="asdb0010" name="com.qainfotech.tatocmaven.AppTest" tests="2" failures="0" timestamp="26 Jun 2018 13:52:40 GMT" time="2.177" errors="0">
  <testcase name="testChooseBasicCourse" time="1.920" classname="com.qainfotech.tatocmaven.AppTest"/>
  <testcase name="testgridgate" time="0.257" classname="com.qainfotech.tatocmaven.AppTest"/>
</testsuite> <!-- com.qainfotech.tatocmaven.AppTest -->
